{"C:\\Users\\vipul\\OneDrive\\Documents\\WebDevelopment\\altcampus\\TA-JS-advanced-dom-and-test-TJaaan\\block-BJaajc\\code\\index.js": {"path":"C:\\Users\\vipul\\OneDrive\\Documents\\WebDevelopment\\altcampus\\TA-JS-advanced-dom-and-test-TJaaan\\block-BJaajc\\code\\index.js","statementMap":{"0":{"start":{"line":2,"column":2},"end":{"line":2,"column":36}},"1":{"start":{"line":6,"column":10},"end":{"line":6,"column":24}},"2":{"start":{"line":7,"column":2},"end":{"line":13,"column":3}},"3":{"start":{"line":7,"column":15},"end":{"line":7,"column":16}},"4":{"start":{"line":8,"column":12},"end":{"line":8,"column":18}},"5":{"start":{"line":9,"column":12},"end":{"line":9,"column":22}},"6":{"start":{"line":10,"column":4},"end":{"line":12,"column":5}},"7":{"start":{"line":11,"column":6},"end":{"line":11,"column":19}},"8":{"start":{"line":14,"column":2},"end":{"line":14,"column":14}},"9":{"start":{"line":18,"column":15},"end":{"line":18,"column":36}},"10":{"start":{"line":19,"column":2},"end":{"line":19,"column":42}},"11":{"start":{"line":23,"column":15},"end":{"line":23,"column":41}},"12":{"start":{"line":24,"column":2},"end":{"line":24,"column":33}},"13":{"start":{"line":27,"column":0},"end":{"line":32,"column":2}}},"fnMap":{"0":{"name":"getFullName","decl":{"start":{"line":1,"column":9},"end":{"line":1,"column":20}},"loc":{"start":{"line":1,"column":42},"end":{"line":3,"column":1}},"line":1},"1":{"name":"isPalindrome","decl":{"start":{"line":5,"column":9},"end":{"line":5,"column":21}},"loc":{"start":{"line":5,"column":27},"end":{"line":15,"column":1}},"line":5},"2":{"name":"getCircumference","decl":{"start":{"line":17,"column":9},"end":{"line":17,"column":25}},"loc":{"start":{"line":17,"column":34},"end":{"line":20,"column":1}},"line":17},"3":{"name":"getArea","decl":{"start":{"line":22,"column":9},"end":{"line":22,"column":16}},"loc":{"start":{"line":22,"column":25},"end":{"line":25,"column":1}},"line":22}},"branchMap":{"0":{"loc":{"start":{"line":10,"column":4},"end":{"line":12,"column":5}},"type":"if","locations":[{"start":{"line":10,"column":4},"end":{"line":12,"column":5}},{"start":{},"end":{}}],"line":10}},"s":{"0":6,"1":6,"2":6,"3":6,"4":13,"5":13,"6":13,"7":1,"8":5,"9":6,"10":6,"11":6,"12":6,"13":1},"f":{"0":6,"1":6,"2":6,"3":6},"b":{"0":[1,12]},"_coverageSchema":"1a1c01bbd47fc00a2c39e90264f33305004495a9","hash":"06ca53acf48ad1a378560785aa1b320bd24cf984"}
}
